Determining if the function kstat_lookup exists in the kstat failed with the following output:
Change Dir: /home/ubuntu/Ted-original/libhotstuff/CMakeFiles/CMakeTmp

Run Build Command(s):/usr/bin/make cmTC_dffe6/fast && /usr/bin/make -f CMakeFiles/cmTC_dffe6.dir/build.make CMakeFiles/cmTC_dffe6.dir/build
make[1]: Entering directory '/home/ubuntu/Ted-original/libhotstuff/CMakeFiles/CMakeTmp'
Building C object CMakeFiles/cmTC_dffe6.dir/CheckFunctionExists.c.o
/usr/bin/cc   -DCHECK_FUNCTION_EXISTS=kstat_lookup   -std=gnu11 -o CMakeFiles/cmTC_dffe6.dir/CheckFunctionExists.c.o   -c /usr/share/cmake-3.16/Modules/CheckFunctionExists.c
Linking C executable cmTC_dffe6
/usr/bin/cmake -E cmake_link_script CMakeFiles/cmTC_dffe6.dir/link.txt --verbose=1
/usr/bin/cc  -DCHECK_FUNCTION_EXISTS=kstat_lookup    CMakeFiles/cmTC_dffe6.dir/CheckFunctionExists.c.o  -o cmTC_dffe6   -L/home/ubuntu/Ted-original/libhotstuff/CMakeFiles/CMakeTmp/kstat.h  -Wl,-rpath,/home/ubuntu/Ted-original/libhotstuff/CMakeFiles/CMakeTmp/kstat.h -lkstat 
/usr/bin/ld: cannot find -lkstat
collect2: error: ld returned 1 exit status
make[1]: *** [CMakeFiles/cmTC_dffe6.dir/build.make:87: cmTC_dffe6] Error 1
make[1]: Leaving directory '/home/ubuntu/Ted-original/libhotstuff/CMakeFiles/CMakeTmp'
make: *** [Makefile:121: cmTC_dffe6/fast] Error 2



Determining if the function kvm_open exists in the kvm failed with the following output:
Change Dir: /home/ubuntu/Ted-original/libhotstuff/CMakeFiles/CMakeTmp

Run Build Command(s):/usr/bin/make cmTC_03725/fast && /usr/bin/make -f CMakeFiles/cmTC_03725.dir/build.make CMakeFiles/cmTC_03725.dir/build
make[1]: Entering directory '/home/ubuntu/Ted-original/libhotstuff/CMakeFiles/CMakeTmp'
Building C object CMakeFiles/cmTC_03725.dir/CheckFunctionExists.c.o
/usr/bin/cc   -DCHECK_FUNCTION_EXISTS=kvm_open   -std=gnu11 -o CMakeFiles/cmTC_03725.dir/CheckFunctionExists.c.o   -c /usr/share/cmake-3.16/Modules/CheckFunctionExists.c
Linking C executable cmTC_03725
/usr/bin/cmake -E cmake_link_script CMakeFiles/cmTC_03725.dir/link.txt --verbose=1
/usr/bin/cc  -DCHECK_FUNCTION_EXISTS=kvm_open    CMakeFiles/cmTC_03725.dir/CheckFunctionExists.c.o  -o cmTC_03725   -L/home/ubuntu/Ted-original/libhotstuff/CMakeFiles/CMakeTmp/kvm.h  -Wl,-rpath,/home/ubuntu/Ted-original/libhotstuff/CMakeFiles/CMakeTmp/kvm.h -lkvm 
/usr/bin/ld: cannot find -lkvm
collect2: error: ld returned 1 exit status
make[1]: *** [CMakeFiles/cmTC_03725.dir/build.make:87: cmTC_03725] Error 1
make[1]: Leaving directory '/home/ubuntu/Ted-original/libhotstuff/CMakeFiles/CMakeTmp'
make: *** [Makefile:121: cmTC_03725/fast] Error 2



Determining if the function perfstat_cpu exists in the perfstat failed with the following output:
Change Dir: /home/ubuntu/Ted-original/libhotstuff/CMakeFiles/CMakeTmp

Run Build Command(s):/usr/bin/make cmTC_807a5/fast && /usr/bin/make -f CMakeFiles/cmTC_807a5.dir/build.make CMakeFiles/cmTC_807a5.dir/build
make[1]: Entering directory '/home/ubuntu/Ted-original/libhotstuff/CMakeFiles/CMakeTmp'
Building C object CMakeFiles/cmTC_807a5.dir/CheckFunctionExists.c.o
/usr/bin/cc   -DCHECK_FUNCTION_EXISTS=perfstat_cpu   -std=gnu11 -o CMakeFiles/cmTC_807a5.dir/CheckFunctionExists.c.o   -c /usr/share/cmake-3.16/Modules/CheckFunctionExists.c
Linking C executable cmTC_807a5
/usr/bin/cmake -E cmake_link_script CMakeFiles/cmTC_807a5.dir/link.txt --verbose=1
/usr/bin/cc  -DCHECK_FUNCTION_EXISTS=perfstat_cpu    CMakeFiles/cmTC_807a5.dir/CheckFunctionExists.c.o  -o cmTC_807a5   -L/home/ubuntu/Ted-original/libhotstuff/CMakeFiles/CMakeTmp/libperfstat.h  -Wl,-rpath,/home/ubuntu/Ted-original/libhotstuff/CMakeFiles/CMakeTmp/libperfstat.h -lperfstat 
/usr/bin/ld: cannot find -lperfstat
collect2: error: ld returned 1 exit status
make[1]: *** [CMakeFiles/cmTC_807a5.dir/build.make:87: cmTC_807a5] Error 1
make[1]: Leaving directory '/home/ubuntu/Ted-original/libhotstuff/CMakeFiles/CMakeTmp'
make: *** [Makefile:121: cmTC_807a5/fast] Error 2



Determining if the function sendfile exists in the sendfile failed with the following output:
Change Dir: /home/ubuntu/Ted-original/libhotstuff/CMakeFiles/CMakeTmp

Run Build Command(s):/usr/bin/make cmTC_7632c/fast && /usr/bin/make -f CMakeFiles/cmTC_7632c.dir/build.make CMakeFiles/cmTC_7632c.dir/build
make[1]: Entering directory '/home/ubuntu/Ted-original/libhotstuff/CMakeFiles/CMakeTmp'
Building C object CMakeFiles/cmTC_7632c.dir/CheckFunctionExists.c.o
/usr/bin/cc   -DCHECK_FUNCTION_EXISTS=sendfile   -std=gnu11 -o CMakeFiles/cmTC_7632c.dir/CheckFunctionExists.c.o   -c /usr/share/cmake-3.16/Modules/CheckFunctionExists.c
Linking C executable cmTC_7632c
/usr/bin/cmake -E cmake_link_script CMakeFiles/cmTC_7632c.dir/link.txt --verbose=1
/usr/bin/cc  -DCHECK_FUNCTION_EXISTS=sendfile    CMakeFiles/cmTC_7632c.dir/CheckFunctionExists.c.o  -o cmTC_7632c  -lsendfile 
/usr/bin/ld: cannot find -lsendfile
collect2: error: ld returned 1 exit status
make[1]: *** [CMakeFiles/cmTC_7632c.dir/build.make:87: cmTC_7632c] Error 1
make[1]: Leaving directory '/home/ubuntu/Ted-original/libhotstuff/CMakeFiles/CMakeTmp'
make: *** [Makefile:121: cmTC_7632c/fast] Error 2



Performing C SOURCE FILE Test CMAKE_HAVE_LIBC_PTHREAD failed with the following output:
Change Dir: /home/ubuntu/Ted-original/libhotstuff/CMakeFiles/CMakeTmp

Run Build Command(s):/usr/bin/make cmTC_87f4f/fast && /usr/bin/make -f CMakeFiles/cmTC_87f4f.dir/build.make CMakeFiles/cmTC_87f4f.dir/build
make[1]: Entering directory '/home/ubuntu/Ted-original/libhotstuff/CMakeFiles/CMakeTmp'
Building C object CMakeFiles/cmTC_87f4f.dir/src.c.o
/usr/bin/cc   -DCMAKE_HAVE_LIBC_PTHREAD   -o CMakeFiles/cmTC_87f4f.dir/src.c.o   -c /home/ubuntu/Ted-original/libhotstuff/CMakeFiles/CMakeTmp/src.c
Linking C executable cmTC_87f4f
/usr/bin/cmake -E cmake_link_script CMakeFiles/cmTC_87f4f.dir/link.txt --verbose=1
/usr/bin/cc  -DCMAKE_HAVE_LIBC_PTHREAD    CMakeFiles/cmTC_87f4f.dir/src.c.o  -o cmTC_87f4f 
/usr/bin/ld: CMakeFiles/cmTC_87f4f.dir/src.c.o: in function `main':
src.c:(.text+0x46): undefined reference to `pthread_create'
/usr/bin/ld: src.c:(.text+0x52): undefined reference to `pthread_detach'
/usr/bin/ld: src.c:(.text+0x63): undefined reference to `pthread_join'
collect2: error: ld returned 1 exit status
make[1]: *** [CMakeFiles/cmTC_87f4f.dir/build.make:87: cmTC_87f4f] Error 1
make[1]: Leaving directory '/home/ubuntu/Ted-original/libhotstuff/CMakeFiles/CMakeTmp'
make: *** [Makefile:121: cmTC_87f4f/fast] Error 2


Source file was:
#include <pthread.h>

void* test_func(void* data)
{
  return data;
}

int main(void)
{
  pthread_t thread;
  pthread_create(&thread, NULL, test_func, NULL);
  pthread_detach(thread);
  pthread_join(thread, NULL);
  pthread_atfork(NULL, NULL, NULL);
  pthread_exit(NULL);

  return 0;
}

Determining if the function pthread_create exists in the pthreads failed with the following output:
Change Dir: /home/ubuntu/Ted-original/libhotstuff/CMakeFiles/CMakeTmp

Run Build Command(s):/usr/bin/make cmTC_3851b/fast && /usr/bin/make -f CMakeFiles/cmTC_3851b.dir/build.make CMakeFiles/cmTC_3851b.dir/build
make[1]: Entering directory '/home/ubuntu/Ted-original/libhotstuff/CMakeFiles/CMakeTmp'
Building C object CMakeFiles/cmTC_3851b.dir/CheckFunctionExists.c.o
/usr/bin/cc   -DCHECK_FUNCTION_EXISTS=pthread_create   -o CMakeFiles/cmTC_3851b.dir/CheckFunctionExists.c.o   -c /usr/share/cmake-3.16/Modules/CheckFunctionExists.c
Linking C executable cmTC_3851b
/usr/bin/cmake -E cmake_link_script CMakeFiles/cmTC_3851b.dir/link.txt --verbose=1
/usr/bin/cc  -DCHECK_FUNCTION_EXISTS=pthread_create    CMakeFiles/cmTC_3851b.dir/CheckFunctionExists.c.o  -o cmTC_3851b  -lpthreads 
/usr/bin/ld: cannot find -lpthreads
collect2: error: ld returned 1 exit status
make[1]: *** [CMakeFiles/cmTC_3851b.dir/build.make:87: cmTC_3851b] Error 1
make[1]: Leaving directory '/home/ubuntu/Ted-original/libhotstuff/CMakeFiles/CMakeTmp'
make: *** [Makefile:121: cmTC_3851b/fast] Error 2



